<?xml version="1.0" encoding="UTF-8"?>
<!-- Generated by org.testng.reporters.JUnitReportReporter -->
<testsuite skipped="0" hostname="GS-5443" name="api.tests.DataDrivenTests" tests="3" failures="0" timestamp="01 Jul 2023 08:55:10 GMT" time="2.975" errors="0">
  <testcase name="testCreateUser" time="0.600" classname="api.tests.DataDrivenTests"/>
  <testcase name="testCreateUser" time="0.579" classname="api.tests.DataDrivenTests"/>
  <testcase name="testCreateUser" time="1.796" classname="api.tests.DataDrivenTests"/>
</testsuite> <!-- api.tests.DataDrivenTests -->
